<?xml version="1.0" encoding="UTF-8"?>
<!-- Generated by org.testng.reporters.JUnitReportReporter -->
<testsuite hostname="DESKTOP-IACUTLP" failures="0" tests="5" name="com.dsalgo.qa.testcase.RegisterPageTest" time="110.944" errors="0" timestamp="2023-06-11T16:53:56 PDT" skipped="0">
  <testcase classname="com.dsalgo.qa.testcase.RegisterPageTest" name="RegisterErrorEmptyfieldBelowPasswordTxtbox" time="21.783"/>
  <system-out/>
  <testcase classname="com.dsalgo.qa.testcase.RegisterPageTest" name="ClickRegisterBtnWithDifferentPasswordsTest" time="30.315"/>
  <system-out/>
  <testcase classname="com.dsalgo.qa.testcase.RegisterPageTest" name="ClickRegisterBtnWithEmptyFieldsTest" time="17.326"/>
  <system-out/>
  <testcase classname="com.dsalgo.qa.testcase.RegisterPageTest" name="VerifyUserLandedRegisterPageTest" time="20.026"/>
  <system-out/>
  <testcase classname="com.dsalgo.qa.testcase.RegisterPageTest" name="RegisterNewUserTest" time="21.494"/>
  <system-out/>
</testsuite> <!-- com.dsalgo.qa.testcase.RegisterPageTest -->
