<?xml version="1.0" encoding="UTF-8"?>
<!-- Generated by org.testng.reporters.JUnitReportReporter -->
<testsuite hostname="amanpc" failures="0" tests="2" name="com.dsalgo.qa.testcase.GetStartedTest" time="2.501" errors="0" timestamp="2023-04-21T12:37:11 EDT" skipped="0">
  <testcase classname="com.dsalgo.qa.testcase.GetStartedTest" name="getStartedButtonClickTest" time="1.387"/>
  <system-out/>
  <testcase classname="com.dsalgo.qa.testcase.GetStartedTest" name="validateUserLandingHomePageTest" time="1.114"/>
  <system-out/>
</testsuite> <!-- com.dsalgo.qa.testcase.GetStartedTest -->
