<?xml version="1.0" encoding="UTF-8"?>
<!-- Generated by org.testng.reporters.JUnitReportReporter -->
<testsuite hostname="amanpc" failures="0" tests="1" name="com.dsalgo.qa.testcase.ArrayPageTest" time="4.463" errors="0" timestamp="2023-04-21T12:37:11 EDT" skipped="0">
  <testcase classname="com.dsalgo.qa.testcase.ArrayPageTest" name="ArrayPageValidationTest" time="4.463"/>
  <system-out/>
</testsuite> <!-- com.dsalgo.qa.testcase.ArrayPageTest -->
