<?xml version="1.0" encoding="UTF-8"?>
<!-- Generated by org.testng.reporters.JUnitReportReporter -->
<testsuite hostname="amanpc" failures="0" tests="2" name="com.dsalgo.qa.testcase.GetStartedTest" time="4.603" errors="0" timestamp="2023-05-19T16:27:31 EDT" skipped="0">
  <testcase classname="com.dsalgo.qa.testcase.GetStartedTest" name="getStartedButtonClickTest" time="3.472"/>
  <system-out/>
  <testcase classname="com.dsalgo.qa.testcase.GetStartedTest" name="validateUserLandingHomePageTest" time="1.131"/>
  <system-out/>
</testsuite> <!-- com.dsalgo.qa.testcase.GetStartedTest -->
