<?xml version="1.0" encoding="UTF-8"?>
<!-- Generated by org.testng.reporters.JUnitReportReporter -->
<testsuite hostname="amanpc" failures="0" tests="5" name="com.dsalgo.qa.testcase.RegisterPageTest" time="8.651" errors="0" timestamp="2023-05-19T16:27:31 EDT" skipped="0">
  <testcase classname="com.dsalgo.qa.testcase.RegisterPageTest" name="ClickRegisterBtnWithEmptyFieldsTest" time="1.593"/>
  <system-out/>
  <testcase classname="com.dsalgo.qa.testcase.RegisterPageTest" name="ClickRegisterBtnWithDifferentPasswordsTest" time="1.924"/>
  <system-out/>
  <testcase classname="com.dsalgo.qa.testcase.RegisterPageTest" name="VerifyUserLandedRegisterPageTest" time="1.490"/>
  <system-out/>
  <testcase classname="com.dsalgo.qa.testcase.RegisterPageTest" name="RegisterErrorEmptyfieldBelowPasswordTxtbox" time="1.653"/>
  <system-out/>
  <testcase classname="com.dsalgo.qa.testcase.RegisterPageTest" name="RegisterNewUserTest" time="1.991"/>
  <system-out/>
</testsuite> <!-- com.dsalgo.qa.testcase.RegisterPageTest -->
