<?xml version="1.0" encoding="UTF-8"?>
<!-- Generated by org.testng.reporters.JUnitReportReporter -->
<testsuite hostname="DESKTOP-IACUTLP" failures="0" tests="2" name="com.dsalgo.qa.testcase.GetStartedTest" time="20.022" errors="0" timestamp="2023-06-11T16:53:56 PDT" skipped="0">
  <testcase classname="com.dsalgo.qa.testcase.GetStartedTest" name="getStartedButtonClickTest" time="12.346"/>
  <system-out/>
  <testcase classname="com.dsalgo.qa.testcase.GetStartedTest" name="validateUserLandingHomePageTest" time="7.676"/>
  <system-out/>
</testsuite> <!-- com.dsalgo.qa.testcase.GetStartedTest -->
