<?xml version="1.0" encoding="UTF-8"?>
<!-- Generated by org.testng.reporters.JUnitReportReporter -->
<testsuite hostname="amanpc" failures="0" tests="1" name="com.dsalgo.qa.testcase.QueuePageTest" time="4.067" errors="0" timestamp="2023-04-21T12:37:11 EDT" skipped="0">
  <testcase classname="com.dsalgo.qa.testcase.QueuePageTest" name="VerifyUserLandedPage" time="4.067"/>
  <system-out/>
</testsuite> <!-- com.dsalgo.qa.testcase.QueuePageTest -->
