<?xml version="1.0" encoding="UTF-8"?>
<!-- Generated by org.testng.reporters.JUnitReportReporter -->
<testsuite hostname="DESKTOP-IACUTLP" failures="0" tests="1" name="com.dsalgo.qa.testcase.QueuePageTest" time="27.425" errors="0" timestamp="2023-06-11T16:53:55 PDT" skipped="0">
  <testcase classname="com.dsalgo.qa.testcase.QueuePageTest" name="VerifyUserLandedPage" time="27.425"/>
  <system-out/>
</testsuite> <!-- com.dsalgo.qa.testcase.QueuePageTest -->
