<?xml version="1.0" encoding="UTF-8"?>
<!-- Generated by org.testng.reporters.JUnitReportReporter -->
<testsuite hostname="amanpc" failures="0" tests="1" name="com.dsalgo.qa.testcase.StackPageTest" time="4.207" errors="0" timestamp="2023-05-19T16:27:31 EDT" skipped="0">
  <testcase classname="com.dsalgo.qa.testcase.StackPageTest" name="VerifyUserLandedStackPage" time="4.207"/>
  <system-out/>
</testsuite> <!-- com.dsalgo.qa.testcase.StackPageTest -->
