<?xml version="1.0" encoding="UTF-8"?>
<!-- Generated by org.testng.reporters.JUnitReportReporter -->
<testsuite hostname="amanpc" failures="0" tests="1" name="com.dsalgo.qa.testcase.TreePageTest" time="4.414" errors="0" timestamp="2023-05-19T16:27:31 EDT" skipped="0">
  <testcase classname="com.dsalgo.qa.testcase.TreePageTest" name="TreePageValidationTest" time="4.414"/>
  <system-out/>
</testsuite> <!-- com.dsalgo.qa.testcase.TreePageTest -->
