<?xml version="1.0" encoding="UTF-8"?>
<!-- Generated by org.testng.reporters.JUnitReportReporter -->
<testsuite hostname="amanpc" failures="0" tests="2" name="testSuite.Module1" time="8.708" errors="0" timestamp="2022-11-14T14:46:09 EST" skipped="0">
  <testcase classname="testSuite.Module1" name="clickRegister" time="4.285"/>
  <system-out/>
  <testcase classname="testSuite.Module1" name="clickSignin" time="4.423"/>
  <system-out/>
</testsuite> <!-- testSuite.Module1 -->
