<?xml version="1.0" encoding="UTF-8"?>
<!-- Generated by org.testng.reporters.JUnitReportReporter -->
<testsuite hostname="amanpc" failures="0" tests="1" name="com.dsalgo.qa.testcase.GetStartedBtnTest" time="2.364" errors="0" timestamp="2023-03-14T17:15:10 EDT" skipped="0">
  <testcase classname="com.dsalgo.qa.testcase.GetStartedBtnTest" name="getStartedButtonClick" time="2.364"/>
  <system-out/>
</testsuite> <!-- com.dsalgo.qa.testcase.GetStartedBtnTest -->
