<?xml version="1.0" encoding="UTF-8"?>
<!-- Generated by org.testng.reporters.JUnitReportReporter -->
<testsuite hostname="amanpc" failures="0" tests="1" name="com.dsalgo.qa.testcase.DataStructurePageTest" time="3.374" errors="0" timestamp="2023-05-19T16:27:31 EDT" skipped="0">
  <testcase classname="com.dsalgo.qa.testcase.DataStructurePageTest" name="DataStructureValidationTest" time="3.374"/>
  <system-out/>
</testsuite> <!-- com.dsalgo.qa.testcase.DataStructurePageTest -->
