<?xml version="1.0" encoding="UTF-8"?>
<!-- Generated by org.testng.reporters.JUnitReportReporter -->
<testsuite hostname="amanpc" failures="0" tests="3" name="testSuite.Module2" time="0.001" errors="0" timestamp="2022-11-11T16:45:23 EST" skipped="0">
  <testcase classname="testSuite.Module2" name="test001" time="0.001"/>
  <system-out/>
  <testcase classname="testSuite.Module2" name="test003" time="0.000"/>
  <system-out/>
  <testcase classname="testSuite.Module2" name="test002" time="0.000"/>
  <system-out/>
</testsuite> <!-- testSuite.Module2 -->
