<?xml version="1.0" encoding="UTF-8"?>
<!-- Generated by org.testng.reporters.JUnitReportReporter -->
<testsuite hostname="amanpc" failures="0" tests="5" name="com.dsalgo.qa.testcase.RegisterPageTest" time="8.602" errors="0" timestamp="2023-04-21T12:37:11 EDT" skipped="0">
  <testcase classname="com.dsalgo.qa.testcase.RegisterPageTest" name="ClickRegisterBtnWithDifferentPasswordsTest" time="1.852"/>
  <system-out/>
  <testcase classname="com.dsalgo.qa.testcase.RegisterPageTest" name="ClickRegisterBtnWithEmptyFieldsTest" time="1.602"/>
  <system-out/>
  <testcase classname="com.dsalgo.qa.testcase.RegisterPageTest" name="RegisterErrorEmptyfieldBelowPasswordTxtbox" time="1.657"/>
  <system-out/>
  <testcase classname="com.dsalgo.qa.testcase.RegisterPageTest" name="VerifyUserLandedRegisterPageTest" time="1.465"/>
  <system-out/>
  <testcase classname="com.dsalgo.qa.testcase.RegisterPageTest" name="RegisterNewUserTest" time="2.026"/>
  <system-out/>
</testsuite> <!-- com.dsalgo.qa.testcase.RegisterPageTest -->
